<?xml version="1.0" encoding="UTF-8"?>
<testsuite name="org.gradle.PersonTest" tests="1" skipped="0" failures="0" errors="0" timestamp="2015-10-22T07:07:55" hostname="ndimensionz-Vostro-3549" time="0.002">
  <properties/>
  <testcase name="canConstructAPersonWithAName" classname="org.gradle.PersonTest" time="0.002"/>
  <system-out><![CDATA[]]></system-out>
  <system-err><![CDATA[]]></system-err>
</testsuite>
